c:\users\kamislaw\documents\visual studio 2015\projects\zajecia3-master\program2\x64\debug\vc140.pdb
c:\users\kamislaw\documents\visual studio 2015\projects\zajecia3-master\program2\x64\debug\vc140.idb
c:\users\kamislaw\documents\visual studio 2015\projects\zajecia3-master\program2\x64\debug\textures.obj
c:\users\kamislaw\documents\visual studio 2015\projects\zajecia3-master\program2\x64\debug\source.obj
c:\users\kamislaw\documents\visual studio 2015\projects\zajecia3\program2\x64\debug\vc140.pdb
c:\users\kamislaw\documents\visual studio 2015\projects\zajecia3\program2\x64\debug\vc140.idb
c:\users\kamislaw\documents\visual studio 2015\projects\zajecia3\program2\x64\debug\source.obj
c:\users\kamislaw\documents\visual studio 2015\projects\zajecia3\program2\x64\debug\textures.obj
c:\users\kamislaw\documents\visual studio 2015\projects\zajecia3-master\x64\debug\program2.ilk
c:\users\kamislaw\documents\visual studio 2015\projects\zajecia3-master\x64\debug\program2.exe
c:\users\kamislaw\documents\visual studio 2015\projects\zajecia3-master\x64\debug\program2.pdb
c:\users\kamislaw\documents\visual studio 2015\projects\zajecia3\x64\debug\program2.ilk
c:\users\kamislaw\documents\visual studio 2015\projects\zajecia3\x64\debug\program2.exe
c:\users\kamislaw\documents\visual studio 2015\projects\zajecia3\x64\debug\program2.pdb
c:\users\kamislaw\documents\visual studio 2015\projects\zajecia3.1\program2\x64\debug\source.obj
c:\users\kamislaw\documents\visual studio 2015\projects\zajecia3.1\program2\x64\debug\textures.obj
c:\users\kamislaw\documents\visual studio 2015\projects\zajecia3.1\program2\x64\debug\vc140.idb
c:\users\kamislaw\documents\visual studio 2015\projects\zajecia3.1\program2\x64\debug\vc140.pdb
c:\users\kamislaw\documents\visual studio 2015\projects\zajecia3.1\x64\debug\program2.pdb
c:\users\kamislaw\documents\visual studio 2015\projects\zajecia3.1\x64\debug\program2.exe
c:\users\kamislaw\documents\visual studio 2015\projects\zajecia3.1\x64\debug\program2.ilk
c:\users\kamislaw\documents\visual studio 2015\projects\zajecia3.1\program2\x64\debug\program2.tlog\cl.command.1.tlog
c:\users\kamislaw\documents\visual studio 2015\projects\zajecia3.1\program2\x64\debug\program2.tlog\cl.read.1.tlog
c:\users\kamislaw\documents\visual studio 2015\projects\zajecia3.1\program2\x64\debug\program2.tlog\cl.write.1.tlog
c:\users\kamislaw\documents\visual studio 2015\projects\zajecia3.1\program2\x64\debug\program2.tlog\link.command.1.tlog
c:\users\kamislaw\documents\visual studio 2015\projects\zajecia3.1\program2\x64\debug\program2.tlog\link.read.1.tlog
c:\users\kamislaw\documents\visual studio 2015\projects\zajecia3.1\program2\x64\debug\program2.tlog\link.write.1.tlog
