c:\users\kamislaw\documents\visual studio 2015\projects\zajecia3-master\program4\x64\debug\vc140.pdb
c:\users\kamislaw\documents\visual studio 2015\projects\zajecia3\program4\x64\debug\vc140.pdb
c:\users\kamislaw\documents\visual studio 2015\projects\zajecia3\program4\x64\debug\vc140.idb
c:\users\kamislaw\documents\visual studio 2015\projects\zajecia3\program4\x64\debug\source.obj
c:\users\kamislaw\documents\visual studio 2015\projects\zajecia3\program4\x64\debug\targa.obj
c:\users\kamislaw\documents\visual studio 2015\projects\zajecia3-master\x64\debug\program4.ilk
c:\users\kamislaw\documents\visual studio 2015\projects\zajecia3-master\x64\debug\program4.exe
c:\users\kamislaw\documents\visual studio 2015\projects\zajecia3-master\x64\debug\program4.pdb
c:\users\kamislaw\documents\visual studio 2015\projects\zajecia3\x64\debug\program4.ilk
c:\users\kamislaw\documents\visual studio 2015\projects\zajecia3\x64\debug\program4.exe
c:\users\kamislaw\documents\visual studio 2015\projects\zajecia3\x64\debug\program4.pdb
c:\users\kamislaw\documents\visual studio 2015\projects\zajecia3.1\program4\x64\debug\source.obj
c:\users\kamislaw\documents\visual studio 2015\projects\zajecia3.1\program4\x64\debug\targa.obj
c:\users\kamislaw\documents\visual studio 2015\projects\zajecia3.1\program4\x64\debug\vc140.idb
c:\users\kamislaw\documents\visual studio 2015\projects\zajecia3.1\program4\x64\debug\vc140.pdb
c:\users\kamislaw\documents\visual studio 2015\projects\zajecia3.1\x64\debug\program4.pdb
c:\users\kamislaw\documents\visual studio 2015\projects\zajecia3.1\x64\debug\program4.exe
c:\users\kamislaw\documents\visual studio 2015\projects\zajecia3.1\x64\debug\program4.ilk
c:\users\kamislaw\documents\visual studio 2015\projects\zajecia3.1\program4\x64\debug\program4.tlog\cl.command.1.tlog
c:\users\kamislaw\documents\visual studio 2015\projects\zajecia3.1\program4\x64\debug\program4.tlog\cl.read.1.tlog
c:\users\kamislaw\documents\visual studio 2015\projects\zajecia3.1\program4\x64\debug\program4.tlog\cl.write.1.tlog
c:\users\kamislaw\documents\visual studio 2015\projects\zajecia3.1\program4\x64\debug\program4.tlog\link.command.1.tlog
c:\users\kamislaw\documents\visual studio 2015\projects\zajecia3.1\program4\x64\debug\program4.tlog\link.read.1.tlog
c:\users\kamislaw\documents\visual studio 2015\projects\zajecia3.1\program4\x64\debug\program4.tlog\link.write.1.tlog
