c:\users\kamislaw\documents\visual studio 2015\projects\zajecia3-master\program3\x64\debug\vc140.pdb
c:\users\kamislaw\documents\visual studio 2015\projects\zajecia3\program3\x64\debug\vc140.pdb
c:\users\kamislaw\documents\visual studio 2015\projects\zajecia3\program3\x64\debug\vc140.idb
c:\users\kamislaw\documents\visual studio 2015\projects\zajecia3\program3\x64\debug\source.obj
c:\users\kamislaw\documents\visual studio 2015\projects\zajecia3\program3\x64\debug\targa.obj
c:\users\kamislaw\documents\visual studio 2015\projects\zajecia3-master\x64\debug\program3.ilk
c:\users\kamislaw\documents\visual studio 2015\projects\zajecia3-master\x64\debug\program3.exe
c:\users\kamislaw\documents\visual studio 2015\projects\zajecia3-master\x64\debug\program3.pdb
c:\users\kamislaw\documents\visual studio 2015\projects\zajecia3\x64\debug\program3.ilk
c:\users\kamislaw\documents\visual studio 2015\projects\zajecia3\x64\debug\program3.exe
c:\users\kamislaw\documents\visual studio 2015\projects\zajecia3\x64\debug\program3.pdb
c:\users\kamislaw\documents\visual studio 2015\projects\zajecia3.1\program3\x64\debug\source.obj
c:\users\kamislaw\documents\visual studio 2015\projects\zajecia3.1\program3\x64\debug\targa.obj
c:\users\kamislaw\documents\visual studio 2015\projects\zajecia3.1\program3\x64\debug\vc140.idb
c:\users\kamislaw\documents\visual studio 2015\projects\zajecia3.1\program3\x64\debug\vc140.pdb
c:\users\kamislaw\documents\visual studio 2015\projects\zajecia3.1\x64\debug\program3.pdb
c:\users\kamislaw\documents\visual studio 2015\projects\zajecia3.1\x64\debug\program3.exe
c:\users\kamislaw\documents\visual studio 2015\projects\zajecia3.1\x64\debug\program3.ilk
c:\users\kamislaw\documents\visual studio 2015\projects\zajecia3.1\program3\x64\debug\program3.tlog\cl.command.1.tlog
c:\users\kamislaw\documents\visual studio 2015\projects\zajecia3.1\program3\x64\debug\program3.tlog\cl.read.1.tlog
c:\users\kamislaw\documents\visual studio 2015\projects\zajecia3.1\program3\x64\debug\program3.tlog\cl.write.1.tlog
c:\users\kamislaw\documents\visual studio 2015\projects\zajecia3.1\program3\x64\debug\program3.tlog\link.command.1.tlog
c:\users\kamislaw\documents\visual studio 2015\projects\zajecia3.1\program3\x64\debug\program3.tlog\link.read.1.tlog
c:\users\kamislaw\documents\visual studio 2015\projects\zajecia3.1\program3\x64\debug\program3.tlog\link.write.1.tlog
